<?xml version="1.0" encoding="UTF-8"?>
<!-- Generated by org.testng.reporters.JUnitReportReporter -->
<testsuite hostname="DESKTOP-9LMV1LJ" failures="0" tests="1" name="EBay_TestRunner.Ebay_Testrun" time="6.234" errors="0" timestamp="2023-07-09T18:44:37 EDT" skipped="0">
  <testcase classname="EBay_TestRunner.Ebay_Testrun" name="feature" time="6.234"/>
  <system-out/>
</testsuite> <!-- EBay_TestRunner.Ebay_Testrun -->
